<?xml version="1.0" encoding="UTF-8"?>
<!-- Generated by org.testng.reporters.JUnitXMLReporter -->
<testsuite ignored="13" hostname="DESKTOP-MSCIP15" failures="1" tests="17" name="Edge Tests" time="177.657" errors="0" timestamp="2025-08-06T00:32:03 GMT-07:00">
  <testcase classname="tests.LoginTest" name="loginWithInvalidPassword" time="10.358">
    <failure type="org.openqa.selenium.TimeoutException" message="Expected condition failed: waiting for element to be clickable: By.xpath: //a[contains(text(), &amp;apos;Log Out&amp;apos;)] (tried for 10 second(s) with 500 milliseconds interval)
Build info: version: &amp;apos;4.21.0&amp;apos;, revision: &amp;apos;79ed462ef4&amp;apos;
System info: os.name: &amp;apos;Windows 10&amp;apos;, os.arch: &amp;apos;amd64&amp;apos;, os.version: &amp;apos;10.0&amp;apos;, java.version: &amp;apos;17.0.10&amp;apos;
Driver info: org.openqa.selenium.edge.EdgeDriver
Capabilities {acceptInsecureCerts: false, browserName: MicrosoftEdge, browserVersion: 138.0.3351.121, fedcm:accounts: true, ms:edgeOptions: {debuggerAddress: localhost:54929}, msedge: {msedgedriverVersion: 138.0.3351.95 (b095f7295f46..., userDataDir: C:\Users\smart\AppData\Loca...}, networkConnectionEnabled: false, pageLoadStrategy: normal, platformName: windows, proxy: Proxy(), se:cdp: ws://localhost:54929/devtoo..., se:cdpVersion: 138.0.3351.121, setWindowRect: true, strictFileInteractability: false, timeouts: {implicit: 0, pageLoad: 300000, script: 30000}, unhandledPromptBehavior: dismiss and notify, webauthn:extension:credBlob: true, webauthn:extension:largeBlob: true, webauthn:extension:minPinLength: true, webauthn:extension:prf: true, webauthn:virtualAuthenticators: true}
Session ID: f3f45ed222803240cfdc4bf38d939c33">
      <![CDATA[org.openqa.selenium.TimeoutException: Expected condition failed: waiting for element to be clickable: By.xpath: //a[contains(text(), 'Log Out')] (tried for 10 second(s) with 500 milliseconds interval)
Build info: version: '4.21.0', revision: '79ed462ef4'
System info: os.name: 'Windows 10', os.arch: 'amd64', os.version: '10.0', java.version: '17.0.10'
Driver info: org.openqa.selenium.edge.EdgeDriver
Capabilities {acceptInsecureCerts: false, browserName: MicrosoftEdge, browserVersion: 138.0.3351.121, fedcm:accounts: true, ms:edgeOptions: {debuggerAddress: localhost:54929}, msedge: {msedgedriverVersion: 138.0.3351.95 (b095f7295f46..., userDataDir: C:\Users\smart\AppData\Loca...}, networkConnectionEnabled: false, pageLoadStrategy: normal, platformName: windows, proxy: Proxy(), se:cdp: ws://localhost:54929/devtoo..., se:cdpVersion: 138.0.3351.121, setWindowRect: true, strictFileInteractability: false, timeouts: {implicit: 0, pageLoad: 300000, script: 30000}, unhandledPromptBehavior: dismiss and notify, webauthn:extension:credBlob: true, webauthn:extension:largeBlob: true, webauthn:extension:minPinLength: true, webauthn:extension:prf: true, webauthn:virtualAuthenticators: true}
Session ID: f3f45ed222803240cfdc4bf38d939c33
at org.openqa.selenium.support.ui.WebDriverWait.timeoutException(WebDriverWait.java:84)
at org.openqa.selenium.support.ui.FluentWait.until(FluentWait.java:228)
at pages.LoginPage.clickLogOut(LoginPage.java:55)
at tests.LoginTest.loginWithInvalidPassword(LoginTest.java:24)
at java.base/java.util.ArrayList.forEach(ArrayList.java:1511)
... Removed 27 stack frames]]>
    </failure>
  </testcase> <!-- loginWithInvalidPassword -->
  <testcase classname="tests.LoginTest" name="loginWithUnregisteredUser" time="10.622"/>
  <testcase classname="tests.LoginTest" name="loginWithEmptyFields" time="13.399"/>
  <testcase classname="tests.LoginTest" name="loginWithInvalidEmailFormat" time="13.151"/>
  <testcase classname="tests.LoginTest" name="loginWithValidCredentials" time="12.368"/>
  <testcase classname="tests.AccountTest" name="viewCheckingAccountSummary" time="3.205"/>
  <testcase classname="tests.AccountTest" name="viewSavingsAccountSummary" time="21.806"/>
  <testcase classname="tests.FundsTransferTest" name="testInvalidFundTransfer" time="1.258"/>
  <testcase classname="tests.FundsTransferTest" name="testValidFundTransfer" time="1.187"/>
  <testcase classname="tests.TransactionSearchTest" name="testSearchByAmount" time="1.261"/>
  <testcase classname="tests.TransactionSearchTest" name="testSearchByDate" time="1.107"/>
  <testcase classname="tests.RequestLoanTest" name="testLoanExceedingLimit" time="0.728"/>
  <testcase classname="tests.RequestLoanTest" name="testMissingLoanDetails" time="0.632"/>
  <testcase classname="tests.RequestLoanTest" name="testValidLoanRequest" time="0.651"/>
  <testcase classname="tests.CustomerSupportTest" name="testSubmitFormWithEmptyFields" time="1.041"/>
  <testcase classname="tests.CustomerSupportTest" name="testSubmitFormWithValidDetails" time="1.568"/>
  <testcase classname="tests.CustomerSupportTest" name="testVerifySuccessMessage" time="1.005"/>
  <testcase classname="base.BaseTest" name="@BeforeSuite startExtentReport" time="0.0">
    <ignored/>
  </testcase> <!-- @BeforeSuite startExtentReport -->
  <testcase classname="base.BaseTest" name="@BeforeSuite startExtentReport" time="0.0">
    <ignored/>
  </testcase> <!-- @BeforeSuite startExtentReport -->
  <testcase classname="base.BaseTest" name="@AfterSuite flushReport" time="0.0">
    <ignored/>
  </testcase> <!-- @AfterSuite flushReport -->
  <testcase classname="base.BaseTest" name="@AfterSuite flushReport" time="0.0">
    <ignored/>
  </testcase> <!-- @AfterSuite flushReport -->
  <testcase classname="base.BaseTest" name="@AfterSuite flushReport" time="0.0">
    <ignored/>
  </testcase> <!-- @AfterSuite flushReport -->
  <testcase classname="tests.LoginTest" name="sessionTimeoutTest" time="0.0">
    <ignored/>
  </testcase> <!-- sessionTimeoutTest -->
  <testcase classname="tests.LoginTest" name="verifyPasswordFieldIsMasked" time="0.0">
    <ignored/>
  </testcase> <!-- verifyPasswordFieldIsMasked -->
  <testcase classname="base.BaseTest" name="@BeforeSuite startExtentReport" time="0.0">
    <ignored/>
  </testcase> <!-- @BeforeSuite startExtentReport -->
  <testcase classname="base.BaseTest" name="@BeforeSuite startExtentReport" time="0.0">
    <ignored/>
  </testcase> <!-- @BeforeSuite startExtentReport -->
  <testcase classname="base.BaseTest" name="@BeforeSuite startExtentReport" time="0.0">
    <ignored/>
  </testcase> <!-- @BeforeSuite startExtentReport -->
  <testcase classname="base.BaseTest" name="@AfterSuite flushReport" time="0.0">
    <ignored/>
  </testcase> <!-- @AfterSuite flushReport -->
  <testcase classname="tests.LoginTest" name="rememberMeFunctionality" time="0.0">
    <ignored/>
  </testcase> <!-- rememberMeFunctionality -->
  <testcase classname="base.BaseTest" name="@AfterSuite flushReport" time="0.0">
    <ignored/>
  </testcase> <!-- @AfterSuite flushReport -->
</testsuite> <!-- Edge Tests -->
